g:\repos\neural\neural\debug\neural.pch
g:\repos\neural\neural\debug\vc120.pdb
g:\repos\neural\neural\debug\vc120.idb
g:\repos\neural\neural\debug\stdafx.obj
g:\repos\neural\neural\debug\conjgrad.obj
g:\repos\neural\neural\debug\control.obj
g:\repos\neural\neural\debug\direcmin.obj
g:\repos\neural\neural\debug\dotprod.obj
g:\repos\neural\neural\debug\execute.obj
g:\repos\neural\neural\debug\gen_init.obj
g:\repos\neural\neural\debug\kohnet.obj
g:\repos\neural\neural\debug\layernet.obj
g:\repos\neural\neural\debug\longrand.obj
g:\repos\neural\neural\debug\mem.obj
g:\repos\neural\neural\debug\messages.obj
g:\repos\neural\neural\debug\network.obj
g:\repos\neural\neural\debug\neural.obj
g:\repos\neural\neural\debug\parsdubl.obj
g:\repos\neural\neural\debug\regress.obj
g:\repos\neural\neural\debug\shake.obj
g:\repos\neural\neural\debug\svdcmp.obj
g:\repos\neural\neural\debug\train.obj
g:\repos\neural\neural\debug\veclen.obj
g:\repos\neural\neural\debug\wt_save.obj
g:\repos\neural\neural\debug\activity.obj
g:\repos\neural\neural\debug\act_func.obj
g:\repos\neural\neural\debug\anneal.obj
g:\repos\neural\neural\debug\confuse.obj
g:\repos\neural\debug\neural.ilk
g:\repos\neural\debug\neural.exe
g:\repos\neural\debug\neural.pdb
g:\repos\neural\neural\debug\neural.tlog\cl.command.1.tlog
g:\repos\neural\neural\debug\neural.tlog\cl.read.1.tlog
g:\repos\neural\neural\debug\neural.tlog\cl.write.1.tlog
g:\repos\neural\neural\debug\neural.tlog\link.command.1.tlog
g:\repos\neural\neural\debug\neural.tlog\link.read.1.tlog
g:\repos\neural\neural\debug\neural.tlog\link.write.1.tlog
